<?xml version="1.0" encoding="UTF-8"?>
<!-- Generated by org.testng.reporters.JUnitReportReporter -->
<testsuite hostname="Leelavathi" failures="0" tests="1" name="testscripts.Test1" time="4.637" errors="0" timestamp="2023-04-04T19:38:48 IST" skipped="0">
  <testcase classname="testscripts.Test1" name="test1" time="4.637"/>
  <system-out/>
</testsuite> <!-- testscripts.Test1 -->
